{
  "RSpec": {
    "coverage": {
      "/home/ubuntu/workspace/app/helpers/application_helper.rb": [
        1,
        null
      ],
      "/home/ubuntu/workspace/app/helpers/compare_helper.rb": [
        1,
        null
      ],
      "/home/ubuntu/workspace/app/helpers/department_helper.rb": [
        1,
        null
      ],
      "/home/ubuntu/workspace/app/helpers/sheets_helper.rb": [
        1,
        null
      ],
      "/home/ubuntu/workspace/app/controllers/department_controller.rb": [
        1,
        null,
        1,
        1,
        1,
        1,
        null,
        1,
        1,
        null,
        null,
        1,
        null,
        176,
        176,
        null,
        null,
        71,
        71,
        71,
        71,
        71,
        71,
        null,
        null,
        null,
        null,
        1,
        5,
        null,
        5,
        5,
        null,
        5,
        null,
        null,
        1,
        8,
        8,
        8,
        8,
        7,
        null,
        1,
        null,
        null,
        8,
        null,
        1,
        1,
        null,
        null,
        4,
        3,
        null,
        1,
        null,
        null,
        1,
        1,
        null,
        null,
        2,
        1,
        null,
        1,
        null,
        null,
        8,
        null,
        8,
        null,
        null,
        null
      ],
      "/home/ubuntu/workspace/app/controllers/application_controller.rb": [
        1,
        null,
        null,
        1,
        null
      ],
      "/home/ubuntu/workspace/app/controllers/representative_controller.rb": [
        1,
        null,
        1,
        176,
        176,
        176,
        176,
        null,
        null,
        null,
        1,
        163,
        163,
        null,
        null,
        163,
        null,
        null,
        null,
        1,
        4,
        162,
        null,
        162,
        null,
        162,
        161,
        null,
        1,
        null,
        null,
        4,
        null,
        null
      ],
      "/home/ubuntu/workspace/app/controllers/sheets_controller.rb": [
        1,
        1,
        null,
        null,
        null,
        null,
        null,
        3,
        3,
        3,
        null,
        null,
        3,
        0,
        0,
        null,
        0,
        0,
        null,
        0,
        0,
        null,
        null,
        3,
        3,
        3,
        0,
        0,
        0,
        0,
        null,
        null,
        0,
        0,
        0,
        null,
        0,
        null,
        null,
        null,
        null,
        null,
        null,
        null,
        1,
        1,
        null,
        null,
        1,
        7,
        6,
        6,
        6,
        null,
        null,
        3,
        3,
        3,
        null,
        null,
        1,
        1,
        1,
        null,
        null,
        null,
        1,
        0,
        0,
        0,
        null,
        null,
        1,
        10,
        3,
        3,
        3,
        null,
        1,
        null,
        null,
        null,
        1,
        6,
        3,
        3,
        2,
        null,
        1,
        null,
        null,
        null,
        1,
        6,
        6,
        3,
        null,
        null,
        3,
        3,
        null,
        3,
        null,
        3,
        null,
        null,
        null,
        null,
        null,
        2,
        0,
        null,
        null,
        null,
        2,
        null,
        null,
        2,
        null,
        null,
        2,
        null,
        2,
        null,
        0,
        0,
        null,
        2,
        2,
        null,
        null,
        null,
        null,
        null,
        1,
        174,
        174,
        174,
        null,
        1,
        null,
        null,
        0,
        0,
        null,
        null,
        1,
        null,
        null,
        3,
        255,
        0,
        null,
        null,
        3,
        null,
        null,
        1,
        0,
        0,
        null,
        0,
        0,
        0,
        0,
        0,
        null,
        0,
        0,
        0,
        0,
        null,
        null,
        null,
        null,
        1,
        1,
        6,
        null,
        null,
        null,
        1,
        3,
        null,
        null,
        null,
        null,
        null,
        null,
        3,
        3,
        20,
        null,
        3,
        null,
        null,
        1,
        5,
        null,
        null
      ],
      "/home/ubuntu/workspace/app/models/department.rb": [
        1,
        1,
        null,
        1,
        0,
        null,
        null,
        null,
        null
      ],
      "/home/ubuntu/workspace/app/models/representative.rb": [
        1,
        null,
        1,
        null,
        null
      ],
      "/home/ubuntu/workspace/app/models/sheet.rb": [
        1,
        1,
        null
      ],
      "/home/ubuntu/workspace/app/uploaders/attachment_uploader.rb": [
        null,
        null,
        1,
        null,
        null,
        null,
        null,
        null,
        null,
        1,
        null,
        null,
        null,
        null,
        1,
        0,
        null,
        null,
        1,
        13,
        null,
        null,
        null,
        null,
        null,
        null,
        null,
        null,
        null,
        null,
        null,
        null,
        null,
        null,
        null,
        null,
        null,
        null,
        null,
        null,
        null,
        null,
        null,
        null,
        null,
        null,
        null,
        null,
        null,
        null,
        null,
        null,
        null,
        null,
        null
      ]
    },
    "timestamp": 1462233049
  },
  "Cucumber Features": {
    "coverage": {
      "/home/ubuntu/workspace/app/controllers/sheets_controller.rb": [
        1,
        1,
        null,
        null,
        null,
        null,
        null,
        6,
        6,
        6,
        null,
        null,
        6,
        0,
        0,
        null,
        0,
        0,
        null,
        0,
        0,
        null,
        null,
        6,
        6,
        6,
        0,
        0,
        0,
        0,
        null,
        null,
        0,
        0,
        0,
        null,
        0,
        null,
        null,
        null,
        null,
        null,
        null,
        null,
        1,
        0,
        null,
        null,
        1,
        0,
        0,
        0,
        0,
        null,
        null,
        0,
        0,
        0,
        null,
        null,
        0,
        0,
        0,
        null,
        null,
        null,
        1,
        0,
        0,
        0,
        null,
        null,
        1,
        0,
        0,
        0,
        0,
        null,
        0,
        null,
        null,
        null,
        1,
        0,
        0,
        0,
        0,
        null,
        0,
        null,
        null,
        null,
        1,
        0,
        0,
        0,
        null,
        null,
        0,
        0,
        null,
        0,
        null,
        0,
        null,
        null,
        null,
        null,
        null,
        0,
        0,
        null,
        null,
        null,
        0,
        null,
        null,
        0,
        null,
        null,
        0,
        null,
        0,
        null,
        0,
        0,
        null,
        0,
        0,
        null,
        null,
        null,
        null,
        null,
        0,
        0,
        0,
        0,
        null,
        0,
        null,
        null,
        0,
        0,
        null,
        null,
        1,
        null,
        null,
        0,
        0,
        0,
        null,
        null,
        0,
        null,
        null,
        1,
        1,
        0,
        null,
        null,
        null,
        1,
        0,
        null,
        null,
        null,
        null,
        null,
        null,
        0,
        0,
        0,
        null,
        0,
        null,
        null,
        1,
        0,
        null,
        null,
        1,
        0,
        0,
        null,
        0,
        0,
        0,
        0,
        0,
        null,
        0,
        0,
        0,
        0,
        null,
        null,
        null,
        null
      ],
      "/home/ubuntu/workspace/app/controllers/application_controller.rb": [
        1,
        null,
        null,
        1,
        null
      ],
      "/home/ubuntu/workspace/app/helpers/application_helper.rb": [
        1,
        null
      ],
      "/home/ubuntu/workspace/app/helpers/compare_helper.rb": [
        1,
        null
      ],
      "/home/ubuntu/workspace/app/helpers/department_helper.rb": [
        1,
        null
      ],
      "/home/ubuntu/workspace/app/helpers/sheets_helper.rb": [
        1,
        null
      ],
      "/home/ubuntu/workspace/app/models/sheet.rb": [
        1,
        1,
        null
      ],
      "/home/ubuntu/workspace/app/uploaders/attachment_uploader.rb": [
        null,
        null,
        1,
        null,
        null,
        null,
        null,
        null,
        null,
        1,
        null,
        null,
        null,
        null,
        1,
        0,
        null,
        null,
        1,
        0,
        null,
        null,
        null,
        null,
        null,
        null,
        null,
        null,
        null,
        null,
        null,
        null,
        null,
        null,
        null,
        null,
        null,
        null,
        null,
        null,
        null,
        null,
        null,
        null,
        null,
        null,
        null,
        null,
        null,
        null,
        null,
        null,
        null,
        null,
        null
      ],
      "/home/ubuntu/workspace/app/models/representative.rb": [
        1,
        null,
        1,
        null,
        null
      ],
      "/home/ubuntu/workspace/app/models/department.rb": [
        1,
        1,
        null,
        1,
        0,
        null,
        null,
        null,
        null
      ]
    },
    "timestamp": 1462230565
  }
}
